<?xml version="1.0" encoding="UTF-8"?>
<testng-results skipped="0" failed="0" total="1" passed="1">
  <reporter-output>
  </reporter-output>
  <suite name="Default suite" duration-ms="88654" started-at="2018-11-25T21:50:19Z" finished-at="2018-11-25T21:51:47Z">
    <groups>
    </groups>
    <test name="Default test" duration-ms="88654" started-at="2018-11-25T21:50:19Z" finished-at="2018-11-25T21:51:47Z">
      <class name="POMPKG.LoginPomClass">
        <test-method status="PASS" signature="LaunchBrowser()[pri:0, instance:POMPKG.LoginPomClass@fbd816]" name="LaunchBrowser" is-config="true" duration-ms="74344" started-at="2018-11-26T03:20:19Z" finished-at="2018-11-26T03:21:33Z">
          <reporter-output>
          </reporter-output>
        </test-method> <!-- LaunchBrowser -->
        <test-method status="PASS" signature="verifyValidLogin()[pri:1, instance:POMPKG.LoginPomClass@fbd816]" name="verifyValidLogin" duration-ms="13890" started-at="2018-11-26T03:21:33Z" finished-at="2018-11-26T03:21:47Z">
          <reporter-output>
          </reporter-output>
        </test-method> <!-- verifyValidLogin -->
      </class> <!-- POMPKG.LoginPomClass -->
    </test> <!-- Default test -->
  </suite> <!-- Default suite -->
</testng-results>
